c:\users\jan\documents\visual studio 2015\projects\core\debug\bbevent.bsc
c:\users\jan\documents\visual studio 2015\projects\github_clone\example1\debug\bbevent.bsc
c:\users\jan\documents\visual studio 2015\projects\bb\bbevent\debug\bbevent.pdb
c:\users\jan\documents\visual studio 2015\projects\bb\bbevent\debug\bbevent.idb
c:\users\jan\documents\visual studio 2015\projects\bb\bbevent\debug\threadpool.sbr
c:\users\jan\documents\visual studio 2015\projects\bb\bbevent\debug\signalfunctor.sbr
c:\users\jan\documents\visual studio 2015\projects\bb\bbevent\debug\signal.sbr
c:\users\jan\documents\visual studio 2015\projects\bb\bbevent\debug\eventsequencer.sbr
c:\users\jan\documents\visual studio 2015\projects\bb\bbevent\debug\eventmanager.sbr
c:\users\jan\documents\visual studio 2015\projects\bb\bbevent\debug\event.sbr
c:\users\jan\documents\visual studio 2015\projects\bb\bbevent\debug\event.obj
c:\users\jan\documents\visual studio 2015\projects\bb\bbevent\debug\eventmanager.obj
c:\users\jan\documents\visual studio 2015\projects\bb\bbevent\debug\eventsequencer.obj
c:\users\jan\documents\visual studio 2015\projects\bb\bbevent\debug\signal.obj
c:\users\jan\documents\visual studio 2015\projects\bb\bbevent\debug\signalfunctor.obj
c:\users\jan\documents\visual studio 2015\projects\bb\bbevent\debug\threadpool.obj
c:\users\jan\documents\visual studio 2015\projects\github_clone\bbevent\debug\bbevent.pdb
c:\users\jan\documents\visual studio 2015\projects\github_clone\bbevent\debug\bbevent.idb
c:\users\jan\documents\visual studio 2015\projects\github_clone\bbevent\debug\threadpool.sbr
c:\users\jan\documents\visual studio 2015\projects\github_clone\bbevent\debug\signalfunctor.sbr
c:\users\jan\documents\visual studio 2015\projects\github_clone\bbevent\debug\signal.sbr
c:\users\jan\documents\visual studio 2015\projects\github_clone\bbevent\debug\eventsequencer.sbr
c:\users\jan\documents\visual studio 2015\projects\github_clone\bbevent\debug\eventmanager.sbr
c:\users\jan\documents\visual studio 2015\projects\github_clone\bbevent\debug\event.sbr
c:\users\jan\documents\visual studio 2015\projects\github_clone\bbevent\debug\event.obj
c:\users\jan\documents\visual studio 2015\projects\github_clone\bbevent\debug\eventmanager.obj
c:\users\jan\documents\visual studio 2015\projects\github_clone\bbevent\debug\eventsequencer.obj
c:\users\jan\documents\visual studio 2015\projects\github_clone\bbevent\debug\signal.obj
c:\users\jan\documents\visual studio 2015\projects\github_clone\bbevent\debug\signalfunctor.obj
c:\users\jan\documents\visual studio 2015\projects\github_clone\bbevent\debug\threadpool.obj
c:\users\jan\documents\visual studio 2015\projects\core\debug\bbevent.lib
c:\users\jan\documents\visual studio 2015\projects\github_clone\example1\debug\bbevent.lib
c:\users\jan\documents\visual studio 2015\projects\github_clone\example1\debug\bbevent.pdb
c:\users\jan\documents\visual studio 2015\projects\github_clone\bbevent\debug\bbevent.tlog\bscmake.command.1.tlog
c:\users\jan\documents\visual studio 2015\projects\github_clone\bbevent\debug\bbevent.tlog\bscmake.read.1.tlog
c:\users\jan\documents\visual studio 2015\projects\github_clone\bbevent\debug\bbevent.tlog\bscmake.write.1.tlog
c:\users\jan\documents\visual studio 2015\projects\github_clone\bbevent\debug\bbevent.tlog\cl.command.1.tlog
c:\users\jan\documents\visual studio 2015\projects\github_clone\bbevent\debug\bbevent.tlog\cl.read.1.tlog
c:\users\jan\documents\visual studio 2015\projects\github_clone\bbevent\debug\bbevent.tlog\cl.write.1.tlog
c:\users\jan\documents\visual studio 2015\projects\github_clone\bbevent\debug\bbevent.tlog\lib-link.read.1.tlog
c:\users\jan\documents\visual studio 2015\projects\github_clone\bbevent\debug\bbevent.tlog\lib-link.write.1.tlog
c:\users\jan\documents\visual studio 2015\projects\github_clone\bbevent\debug\bbevent.tlog\lib.command.1.tlog
